ok  	github.com/thc1006/nephoran-intent-operator/api/intent/v1alpha1	0.461s
?   	github.com/thc1006/nephoran-intent-operator/api/v1	[no test files]
?   	github.com/thc1006/nephoran-intent-operator/api/v1/common	[no test files]
?   	github.com/thc1006/nephoran-intent-operator/api/v1alpha1	[no test files]
?   	github.com/thc1006/nephoran-intent-operator/build	[no test files]
?   	github.com/thc1006/nephoran-intent-operator/cmd	[no test files]
?   	github.com/thc1006/nephoran-intent-operator/cmd/a1-sim	[no test files]
ok  	github.com/thc1006/nephoran-intent-operator/cmd/conductor	1.964s
ok  	github.com/thc1006/nephoran-intent-operator/cmd/conductor-loop	50.899s
ok  	github.com/thc1006/nephoran-intent-operator/cmd/conductor-watch	2.672s
?   	github.com/thc1006/nephoran-intent-operator/cmd/e2-kpm-sim	[no test files]
?   	github.com/thc1006/nephoran-intent-operator/cmd/fcaps-reducer	[no test files]
?   	github.com/thc1006/nephoran-intent-operator/cmd/fcaps-sim	[no test files]
ok  	github.com/thc1006/nephoran-intent-operator/cmd/intent-ingest	6.036s
time=2025-09-08T09:35:46.741+08:00 level=WARN msg="Request rejected due to Content-Length header" content_length=1124 max_size_bytes=1024
time=2025-09-08T09:35:46.743+08:00 level=WARN msg="Request rejected due to size limit" max_size_bytes=1024 status_code=413
time=2025-09-08T09:35:46.743+08:00 level=WARN msg="Request rejected due to Content-Length header" content_length=1137 max_size_bytes=1024
time=2025-09-08T09:35:46.743+08:00 level=WARN msg="Request rejected due to size limit" max_size_bytes=1024 status_code=413
time=2025-09-08T09:35:46.743+08:00 level=DEBUG msg="Request size limit enforced" method=POST path=/test max_size_bytes=512
time=2025-09-08T09:35:46.743+08:00 level=DEBUG msg="Request size limit enforced" method=POST path=/test max_size_bytes=512
time=2025-09-08T09:35:46.743+08:00 level=DEBUG msg="Request size limit applied" method=POST path=/test max_size_bytes=1000 content_length=500
time=2025-09-08T09:35:46.743+08:00 level=WARN msg="Request rejected due to Content-Length header" content_length=2000 max_size_bytes=1000
time=2025-09-08T09:35:46.743+08:00 level=WARN msg="Request rejected due to size limit" max_size_bytes=1000 status_code=413
time=2025-09-08T09:35:46.743+08:00 level=DEBUG msg="Request size limit applied" method=POST path=/test max_size_bytes=1000 content_length=500
time=2025-09-08T09:35:46.744+08:00 level=WARN msg="Request rejected due to Content-Length header" content_length=3913 max_size_bytes=2048
time=2025-09-08T09:35:46.744+08:00 level=WARN msg="Request rejected due to size limit" max_size_bytes=2048 status_code=413
--- FAIL: TestTLSServerStartup (0.31s)
    --- FAIL: TestTLSServerStartup/HTTP_server_startup_(TLS_disabled) (0.11s)
        main_test.go:763: Expected log to contain 'Server starting (HTTP only)', but got: 
    --- FAIL: TestTLSServerStartup/HTTPS_server_startup_with_valid_certificates (0.20s)
        main_test.go:763: Expected log to contain 'Server starting with TLS', but got: 
2025/09/08 09:35:55 http: TLS handshake error from 127.0.0.1:61616: remote error: tls: bad certificate
2025/09/08 09:35:55 http: TLS handshake error from 127.0.0.1:61618: remote error: tls: bad certificate
--- FAIL: TestProviderFactoryConfiguration (0.00s)
    --- FAIL: TestProviderFactoryConfiguration/Invalid_Provider_Type (0.00s)
        main_test.go:1667: Should error for invalid configuration
2025/09/08 09:35:56 INFO Health check registered name=service_status service=test-service
2025/09/08 09:35:56 INFO Health check registered name=circuit_breaker service=test-service
2025/09/08 09:35:56 INFO Health checks registered
2025/09/08 09:35:56 INFO Health check registered name=service_status service=test-service
2025/09/08 09:35:56 INFO Health check registered name=circuit_breaker service=test-service
2025/09/08 09:35:56 INFO Health checks registered
2025/09/08 09:35:56 INFO Health check registered name=service_status service=test-service
2025/09/08 09:35:56 INFO Health check registered name=circuit_breaker service=test-service
2025/09/08 09:35:56 INFO Health checks registered
2025/09/08 09:35:56 INFO Health check registered name=service_status service=test-service
2025/09/08 09:35:56 INFO Health check registered name=circuit_breaker service=test-service
2025/09/08 09:35:56 INFO Health checks registered
2025/09/08 09:35:56 INFO Health check registered name=service_status service=test-service
2025/09/08 09:35:56 INFO Health check registered name=circuit_breaker service=test-service
2025/09/08 09:35:56 INFO Health checks registered
2025/09/08 09:35:56 INFO Health check registered name=service_status service=test-service
2025/09/08 09:35:56 INFO Health check registered name=circuit_breaker service=test-service
2025/09/08 09:35:56 INFO Health checks registered
2025/09/08 09:35:56 INFO Health check registered name=service_status service=test-service
2025/09/08 09:35:56 INFO Health check registered name=circuit_breaker service=test-service
2025/09/08 09:35:56 INFO Health checks registered
2025/09/08 09:35:56 INFO Health check registered name=service_status service=test-service
2025/09/08 09:35:56 INFO Health check registered name=circuit_breaker service=test-service
2025/09/08 09:35:56 INFO Health checks registered
2025/09/08 09:35:56 INFO Health check registered name=service_status service=test-service
2025/09/08 09:35:56 INFO Health check registered name=circuit_breaker service=test-service
2025/09/08 09:35:56 INFO Health checks registered
2025/09/08 09:35:56 INFO Health check registered name=service_status service=test-service
2025/09/08 09:35:56 INFO Health check registered name=circuit_breaker service=test-service
2025/09/08 09:35:56 INFO Health checks registered
FAIL
FAIL	github.com/thc1006/nephoran-intent-operator/cmd/llm-processor	11.873s
?   	github.com/thc1006/nephoran-intent-operator/cmd/nephio-bridge	[no test files]
?   	github.com/thc1006/nephoran-intent-operator/cmd/o1-ves-sim	[no test files]
?   	github.com/thc1006/nephoran-intent-operator/cmd/oran-adaptor	[no test files]
?   	github.com/thc1006/nephoran-intent-operator/cmd/performance-comparison	[no test files]
?   	github.com/thc1006/nephoran-intent-operator/cmd/performance-regression-test	[no test files]
[porch-direct] Project root: C:\Users\tingy\dev\_worktrees\nephoran\feat-llm-provider
[porch-direct] Loading intent from: C:\Users\tingy\AppData\Local\Temp\TestRunWithSampleIntentvalid_sample_intent816704654\001\intent.json
[porch-direct] Output directory: C:\Users\tingy\AppData\Local\Temp\TestRunWithSampleIntentvalid_sample_intent816704654\001\output
2025/09/08 09:35:47 INFO initializing schema validator component=intent.validator schema_path=C:\Users\tingy\dev\_worktrees\nephoran\feat-llm-provider\docs\contracts\intent.schema.json
2025/09/08 09:35:47 INFO schema validator initialized successfully component=intent.validator schema_uri=https://example.com/schemas/intent.schema.json schema_path=C:\Users\tingy\dev\_worktrees\nephoran\feat-llm-provider\docs\contracts\intent.schema.json
[porch-direct] Intent validated successfully: ScalingIntent{target=nf-sim, namespace=ran-a, replicas=3, source=test}
[porch-direct] Generated package: nf-sim-scaling (4 files)
[porch-direct] Package written to: C:\Users\tingy\AppData\Local\Temp\TestRunWithSampleIntentvalid_sample_intent816704654\001\output\nf-sim-scaling
[porch-direct] Files written: [Kptfile deployment.yaml service.yaml README.md]
[porch-direct] Success! KRM package generated for nf-sim scaling to 3 replicas
[porch-direct] Project root: C:\Users\tingy\dev\_worktrees\nephoran\feat-llm-provider
[porch-direct] Loading intent from: C:\Users\tingy\AppData\Local\Temp\TestRunWithSampleIntentvalid_minimal_intent2781397173\001\intent.json
[porch-direct] Output directory: C:\Users\tingy\AppData\Local\Temp\TestRunWithSampleIntentvalid_minimal_intent2781397173\001\output
2025/09/08 09:35:47 INFO initializing schema validator component=intent.validator schema_path=C:\Users\tingy\dev\_worktrees\nephoran\feat-llm-provider\docs\contracts\intent.schema.json
2025/09/08 09:35:47 INFO schema validator initialized successfully component=intent.validator schema_uri=https://example.com/schemas/intent.schema.json schema_path=C:\Users\tingy\dev\_worktrees\nephoran\feat-llm-provider\docs\contracts\intent.schema.json
[porch-direct] Intent validated successfully: ScalingIntent{target=another-sim, namespace=ran-b, replicas=5, source=}
[porch-direct] Generated package: another-sim-scaling (4 files)
[porch-direct] Package written to: C:\Users\tingy\AppData\Local\Temp\TestRunWithSampleIntentvalid_minimal_intent2781397173\001\output\another-sim-scaling
[porch-direct] Files written: [Kptfile deployment.yaml service.yaml README.md]
[porch-direct] Success! KRM package generated for another-sim scaling to 5 replicas
[porch-direct] Project root: C:\Users\tingy\dev\_worktrees\nephoran\feat-llm-provider
[porch-direct] Loading intent from: C:\Users\tingy\AppData\Local\Temp\TestRunWithSampleIntentvalid_with_reason_and_correlation1371369657\001\intent.json
[porch-direct] Output directory: C:\Users\tingy\AppData\Local\Temp\TestRunWithSampleIntentvalid_with_reason_and_correlation1371369657\001\output
2025/09/08 09:35:47 INFO initializing schema validator component=intent.validator schema_path=C:\Users\tingy\dev\_worktrees\nephoran\feat-llm-provider\docs\contracts\intent.schema.json
2025/09/08 09:35:47 INFO schema validator initialized successfully component=intent.validator schema_uri=https://example.com/schemas/intent.schema.json schema_path=C:\Users\tingy\dev\_worktrees\nephoran\feat-llm-provider\docs\contracts\intent.schema.json
[porch-direct] Intent validated successfully: ScalingIntent{target=test-sim, namespace=test-ns, replicas=2, source=user}
[porch-direct] Generated package: test-sim-scaling (4 files)
[porch-direct] Package written to: C:\Users\tingy\AppData\Local\Temp\TestRunWithSampleIntentvalid_with_reason_and_correlation1371369657\001\output\test-sim-scaling
[porch-direct] Files written: [Kptfile deployment.yaml service.yaml README.md]
[porch-direct] Success! KRM package generated for test-sim scaling to 2 replicas
[porch-direct] Project root: C:\Users\tingy\dev\_worktrees\nephoran\feat-llm-provider
[porch-direct] Loading intent from: C:\Users\tingy\AppData\Local\Temp\TestRunWithInvalidIntentsnegative_replicas2357881213\001\intent.json
[porch-direct] Output directory: C:\Users\tingy\AppData\Local\Temp\TestRunWithInvalidIntentsnegative_replicas2357881213\001\output
2025/09/08 09:35:47 INFO initializing schema validator component=intent.validator schema_path=C:\Users\tingy\dev\_worktrees\nephoran\feat-llm-provider\docs\contracts\intent.schema.json
2025/09/08 09:35:47 INFO schema validator initialized successfully component=intent.validator schema_uri=https://example.com/schemas/intent.schema.json schema_path=C:\Users\tingy\dev\_worktrees\nephoran\feat-llm-provider\docs\contracts\intent.schema.json
Intent validation failed:
  - /: jsonschema validation failed with 'https://example.com/schemas/intent.schema.json#'
- at '/replicas': minimum: got -1, want 1
  - replicas: at '/replicas': minimum: got -1, want 1
[porch-direct] Project root: C:\Users\tingy\dev\_worktrees\nephoran\feat-llm-provider
[porch-direct] Loading intent from: C:\Users\tingy\AppData\Local\Temp\TestRunWithInvalidIntentszero_replicas699466029\001\intent.json
[porch-direct] Output directory: C:\Users\tingy\AppData\Local\Temp\TestRunWithInvalidIntentszero_replicas699466029\001\output
2025/09/08 09:35:47 INFO initializing schema validator component=intent.validator schema_path=C:\Users\tingy\dev\_worktrees\nephoran\feat-llm-provider\docs\contracts\intent.schema.json
2025/09/08 09:35:47 INFO schema validator initialized successfully component=intent.validator schema_uri=https://example.com/schemas/intent.schema.json schema_path=C:\Users\tingy\dev\_worktrees\nephoran\feat-llm-provider\docs\contracts\intent.schema.json
Intent validation failed:
  - /: jsonschema validation failed with 'https://example.com/schemas/intent.schema.json#'
- at '/replicas': minimum: got 0, want 1
  - replicas: at '/replicas': minimum: got 0, want 1
[porch-direct] Project root: C:\Users\tingy\dev\_worktrees\nephoran\feat-llm-provider
[porch-direct] Loading intent from: C:\Users\tingy\AppData\Local\Temp\TestRunWithInvalidIntentsmissing_target2313998767\001\intent.json
[porch-direct] Output directory: C:\Users\tingy\AppData\Local\Temp\TestRunWithInvalidIntentsmissing_target2313998767\001\output
2025/09/08 09:35:47 INFO initializing schema validator component=intent.validator schema_path=C:\Users\tingy\dev\_worktrees\nephoran\feat-llm-provider\docs\contracts\intent.schema.json
2025/09/08 09:35:47 INFO schema validator initialized successfully component=intent.validator schema_uri=https://example.com/schemas/intent.schema.json schema_path=C:\Users\tingy\dev\_worktrees\nephoran\feat-llm-provider\docs\contracts\intent.schema.json
Intent validation failed:
  - /: jsonschema validation failed with 'https://example.com/schemas/intent.schema.json#'
- at '': missing property 'target'
[porch-direct] Project root: C:\Users\tingy\dev\_worktrees\nephoran\feat-llm-provider
[porch-direct] Loading intent from: C:\Users\tingy\AppData\Local\Temp\TestRunWithInvalidIntentsmissing_namespace2229595353\001\intent.json
[porch-direct] Output directory: C:\Users\tingy\AppData\Local\Temp\TestRunWithInvalidIntentsmissing_namespace2229595353\001\output
2025/09/08 09:35:48 INFO initializing schema validator component=intent.validator schema_path=C:\Users\tingy\dev\_worktrees\nephoran\feat-llm-provider\docs\contracts\intent.schema.json
2025/09/08 09:35:48 INFO schema validator initialized successfully component=intent.validator schema_uri=https://example.com/schemas/intent.schema.json schema_path=C:\Users\tingy\dev\_worktrees\nephoran\feat-llm-provider\docs\contracts\intent.schema.json
Intent validation failed:
  - /: jsonschema validation failed with 'https://example.com/schemas/intent.schema.json#'
- at '': missing property 'namespace'
[porch-direct] Project root: C:\Users\tingy\dev\_worktrees\nephoran\feat-llm-provider
[porch-direct] Loading intent from: C:\Users\tingy\AppData\Local\Temp\TestRunWithInvalidIntentsmissing_intent_type3240758963\001\intent.json
[porch-direct] Output directory: C:\Users\tingy\AppData\Local\Temp\TestRunWithInvalidIntentsmissing_intent_type3240758963\001\output
2025/09/08 09:35:48 INFO initializing schema validator component=intent.validator schema_path=C:\Users\tingy\dev\_worktrees\nephoran\feat-llm-provider\docs\contracts\intent.schema.json
2025/09/08 09:35:48 INFO schema validator initialized successfully component=intent.validator schema_uri=https://example.com/schemas/intent.schema.json schema_path=C:\Users\tingy\dev\_worktrees\nephoran\feat-llm-provider\docs\contracts\intent.schema.json
Intent validation failed:
  - /: jsonschema validation failed with 'https://example.com/schemas/intent.schema.json#'
- at '': missing property 'intent_type'
[porch-direct] Project root: C:\Users\tingy\dev\_worktrees\nephoran\feat-llm-provider
[porch-direct] Loading intent from: C:\Users\tingy\AppData\Local\Temp\TestRunWithInvalidIntentsinvalid_intent_type329318688\001\intent.json
[porch-direct] Output directory: C:\Users\tingy\AppData\Local\Temp\TestRunWithInvalidIntentsinvalid_intent_type329318688\001\output
2025/09/08 09:35:48 INFO initializing schema validator component=intent.validator schema_path=C:\Users\tingy\dev\_worktrees\nephoran\feat-llm-provider\docs\contracts\intent.schema.json
2025/09/08 09:35:48 INFO schema validator initialized successfully component=intent.validator schema_uri=https://example.com/schemas/intent.schema.json schema_path=C:\Users\tingy\dev\_worktrees\nephoran\feat-llm-provider\docs\contracts\intent.schema.json
Intent validation failed:
  - /: jsonschema validation failed with 'https://example.com/schemas/intent.schema.json#'
- at '/intent_type': value must be one of 'scaling', 'deployment', 'configuration'
  - intent_type: at '/intent_type': value must be one of 'scaling', 'deployment', 'configuration'
[porch-direct] Project root: C:\Users\tingy\dev\_worktrees\nephoran\feat-llm-provider
[porch-direct] Loading intent from: C:\Users\tingy\AppData\Local\Temp\TestRunWithInvalidIntentstoo_many_replicas2822865372\001\intent.json
[porch-direct] Output directory: C:\Users\tingy\AppData\Local\Temp\TestRunWithInvalidIntentstoo_many_replicas2822865372\001\output
2025/09/08 09:35:48 INFO initializing schema validator component=intent.validator schema_path=C:\Users\tingy\dev\_worktrees\nephoran\feat-llm-provider\docs\contracts\intent.schema.json
2025/09/08 09:35:48 INFO schema validator initialized successfully component=intent.validator schema_uri=https://example.com/schemas/intent.schema.json schema_path=C:\Users\tingy\dev\_worktrees\nephoran\feat-llm-provider\docs\contracts\intent.schema.json
Intent validation failed:
  - /: jsonschema validation failed with 'https://example.com/schemas/intent.schema.json#'
- at '/replicas': maximum: got 10,000, want 100
  - replicas: at '/replicas': maximum: got 10,000, want 100
[porch-direct] Project root: C:\Users\tingy\dev\_worktrees\nephoran\feat-llm-provider
[porch-direct] Loading intent from: C:\Users\tingy\AppData\Local\Temp\TestRunWithInvalidIntentsempty_target2536700275\001\intent.json
[porch-direct] Output directory: C:\Users\tingy\AppData\Local\Temp\TestRunWithInvalidIntentsempty_target2536700275\001\output
2025/09/08 09:35:48 INFO initializing schema validator component=intent.validator schema_path=C:\Users\tingy\dev\_worktrees\nephoran\feat-llm-provider\docs\contracts\intent.schema.json
2025/09/08 09:35:48 INFO schema validator initialized successfully component=intent.validator schema_uri=https://example.com/schemas/intent.schema.json schema_path=C:\Users\tingy\dev\_worktrees\nephoran\feat-llm-provider\docs\contracts\intent.schema.json
Intent validation failed:
  - /: jsonschema validation failed with 'https://example.com/schemas/intent.schema.json#'
- at '/target': minLength: got 0, want 1
  - target: at '/target': minLength: got 0, want 1
[porch-direct] Project root: C:\Users\tingy\dev\_worktrees\nephoran\feat-llm-provider
[porch-direct] Loading intent from: C:\Users\tingy\AppData\Local\Temp\TestRunWithInvalidIntentsempty_namespace3735787212\001\intent.json
[porch-direct] Output directory: C:\Users\tingy\AppData\Local\Temp\TestRunWithInvalidIntentsempty_namespace3735787212\001\output
2025/09/08 09:35:48 INFO initializing schema validator component=intent.validator schema_path=C:\Users\tingy\dev\_worktrees\nephoran\feat-llm-provider\docs\contracts\intent.schema.json
2025/09/08 09:35:48 INFO schema validator initialized successfully component=intent.validator schema_uri=https://example.com/schemas/intent.schema.json schema_path=C:\Users\tingy\dev\_worktrees\nephoran\feat-llm-provider\docs\contracts\intent.schema.json
Intent validation failed:
  - /: jsonschema validation failed with 'https://example.com/schemas/intent.schema.json#'
- at '/namespace': minLength: got 0, want 1
  - namespace: at '/namespace': minLength: got 0, want 1
[porch-direct] Project root: C:\Users\tingy\dev\_worktrees\nephoran\feat-llm-provider
[porch-direct] Loading intent from: C:\Users\tingy\AppData\Local\Temp\TestRunWithInvalidIntentsinvalid_source1665194941\001\intent.json
[porch-direct] Output directory: C:\Users\tingy\AppData\Local\Temp\TestRunWithInvalidIntentsinvalid_source1665194941\001\output
2025/09/08 09:35:48 INFO initializing schema validator component=intent.validator schema_path=C:\Users\tingy\dev\_worktrees\nephoran\feat-llm-provider\docs\contracts\intent.schema.json
2025/09/08 09:35:48 INFO schema validator initialized successfully component=intent.validator schema_uri=https://example.com/schemas/intent.schema.json schema_path=C:\Users\tingy\dev\_worktrees\nephoran\feat-llm-provider\docs\contracts\intent.schema.json
Intent validation failed:
  - /: jsonschema validation failed with 'https://example.com/schemas/intent.schema.json#'
- at '/source': value must be one of 'user', 'planner', 'test', ''
  - source: at '/source': value must be one of 'user', 'planner', 'test', ''
[porch-direct] Project root: C:\Users\tingy\dev\_worktrees\nephoran\feat-llm-provider
[porch-direct] Loading intent from: C:\Users\tingy\AppData\Local\Temp\TestIdempotency3986444405\001\intent.json
[porch-direct] Output directory: C:\Users\tingy\AppData\Local\Temp\TestIdempotency3986444405\001\output
2025/09/08 09:35:48 INFO initializing schema validator component=intent.validator schema_path=C:\Users\tingy\dev\_worktrees\nephoran\feat-llm-provider\docs\contracts\intent.schema.json
2025/09/08 09:35:48 INFO schema validator initialized successfully component=intent.validator schema_uri=https://example.com/schemas/intent.schema.json schema_path=C:\Users\tingy\dev\_worktrees\nephoran\feat-llm-provider\docs\contracts\intent.schema.json
[porch-direct] Intent validated successfully: ScalingIntent{target=idempotent-test, namespace=test-ns, replicas=2, source=test}
[porch-direct] Generated package: idempotent-test-scaling (4 files)
[porch-direct] Package written to: C:\Users\tingy\AppData\Local\Temp\TestIdempotency3986444405\001\output\idempotent-test-scaling
[porch-direct] Files written: [Kptfile deployment.yaml service.yaml README.md]
[porch-direct] Success! KRM package generated for idempotent-test scaling to 2 replicas
[porch-direct] Project root: C:\Users\tingy\dev\_worktrees\nephoran\feat-llm-provider
[porch-direct] Loading intent from: C:\Users\tingy\AppData\Local\Temp\TestIdempotency3986444405\001\intent.json
[porch-direct] Output directory: C:\Users\tingy\AppData\Local\Temp\TestIdempotency3986444405\001\output
2025/09/08 09:35:48 INFO initializing schema validator component=intent.validator schema_path=C:\Users\tingy\dev\_worktrees\nephoran\feat-llm-provider\docs\contracts\intent.schema.json
2025/09/08 09:35:48 INFO schema validator initialized successfully component=intent.validator schema_uri=https://example.com/schemas/intent.schema.json schema_path=C:\Users\tingy\dev\_worktrees\nephoran\feat-llm-provider\docs\contracts\intent.schema.json
[porch-direct] Intent validated successfully: ScalingIntent{target=idempotent-test, namespace=test-ns, replicas=2, source=test}
[porch-direct] Generated package: idempotent-test-scaling (4 files)
[porch-direct] Package written to: C:\Users\tingy\AppData\Local\Temp\TestIdempotency3986444405\001\output\idempotent-test-scaling
[porch-direct] Files skipped (unchanged): [Kptfile deployment.yaml service.yaml README.md]
[porch-direct] Operation was idempotent (no changes needed)
[porch-direct] Success! KRM package generated for idempotent-test scaling to 2 replicas
[porch-direct] Project root: C:\Users\tingy\dev\_worktrees\nephoran\feat-llm-provider
[porch-direct] Loading intent from: C:\Users\tingy\AppData\Local\Temp\TestMinimalPackageGeneration4261259391\001\intent.json
[porch-direct] Output directory: C:\Users\tingy\AppData\Local\Temp\TestMinimalPackageGeneration4261259391\001\output
[porch-direct] Package type: MINIMAL
2025/09/08 09:35:48 INFO initializing schema validator component=intent.validator schema_path=C:\Users\tingy\dev\_worktrees\nephoran\feat-llm-provider\docs\contracts\intent.schema.json
2025/09/08 09:35:48 INFO schema validator initialized successfully component=intent.validator schema_uri=https://example.com/schemas/intent.schema.json schema_path=C:\Users\tingy\dev\_worktrees\nephoran\feat-llm-provider\docs\contracts\intent.schema.json
[porch-direct] Intent validated successfully: ScalingIntent{target=minimal-test, namespace=test-ns, replicas=1, source=test}
[porch-direct] Generated package: minimal-test-minimal (2 files)
[porch-direct] Package written to: C:\Users\tingy\AppData\Local\Temp\TestMinimalPackageGeneration4261259391\001\output\minimal-test-minimal
[porch-direct] Files written: [Kptfile deployment.yaml]
[porch-direct] Success! KRM package generated for minimal-test scaling to 1 replicas
[porch-direct] Project root: C:\Users\tingy\dev\_worktrees\nephoran\feat-llm-provider
[porch-direct] Loading intent from: C:\Users\tingy\AppData\Local\Temp\TestDryRun3102444737\001\intent.json
[porch-direct] Output directory: C:\Users\tingy\AppData\Local\Temp\TestDryRun3102444737\001\output
[porch-direct] Mode: DRY RUN (no files will be written)
2025/09/08 09:35:48 INFO initializing schema validator component=intent.validator schema_path=C:\Users\tingy\dev\_worktrees\nephoran\feat-llm-provider\docs\contracts\intent.schema.json
2025/09/08 09:35:48 INFO schema validator initialized successfully component=intent.validator schema_uri=https://example.com/schemas/intent.schema.json schema_path=C:\Users\tingy\dev\_worktrees\nephoran\feat-llm-provider\docs\contracts\intent.schema.json
[porch-direct] Intent validated successfully: ScalingIntent{target=dry-run-test, namespace=test-ns, replicas=1, source=test}
[porch-direct] Generated package: dry-run-test-scaling (4 files)
[porch-direct] Package written to: C:\Users\tingy\AppData\Local\Temp\TestDryRun3102444737\001\output\dry-run-test-scaling
[porch-direct] Files written: [Kptfile deployment.yaml service.yaml README.md]
[porch-direct] Success! KRM package generated for dry-run-test scaling to 1 replicas
[porch-direct] Project root: C:\Users\tingy\dev\_worktrees\nephoran\feat-llm-provider
[porch-direct] Loading intent from: C:\Users\tingy\AppData\Local\Temp\TestRunWithFileSystemErrorsintent_file_does_not_exist4155839307\001\non-existent.json
[porch-direct] Output directory: C:\Users\tingy\AppData\Local\Temp\TestRunWithFileSystemErrorsintent_file_does_not_exist4155839307\001\output
2025/09/08 09:35:48 INFO initializing schema validator component=intent.validator schema_path=C:\Users\tingy\dev\_worktrees\nephoran\feat-llm-provider\docs\contracts\intent.schema.json
2025/09/08 09:35:48 INFO schema validator initialized successfully component=intent.validator schema_uri=https://example.com/schemas/intent.schema.json schema_path=C:\Users\tingy\dev\_worktrees\nephoran\feat-llm-provider\docs\contracts\intent.schema.json
[porch-direct] Project root: C:\Users\tingy\dev\_worktrees\nephoran\feat-llm-provider
[porch-direct] Loading intent from: C:\Users\tingy\AppData\Local\Temp\TestRunWithFileSystemErrorsintent_file_is_a_directory2341177172\001\intent-dir
[porch-direct] Output directory: C:\Users\tingy\AppData\Local\Temp\TestRunWithFileSystemErrorsintent_file_is_a_directory2341177172\001\output
2025/09/08 09:35:48 INFO initializing schema validator component=intent.validator schema_path=C:\Users\tingy\dev\_worktrees\nephoran\feat-llm-provider\docs\contracts\intent.schema.json
2025/09/08 09:35:48 INFO schema validator initialized successfully component=intent.validator schema_uri=https://example.com/schemas/intent.schema.json schema_path=C:\Users\tingy\dev\_worktrees\nephoran\feat-llm-provider\docs\contracts\intent.schema.json
[porch-direct] Project root: C:\Users\tingy\dev\_worktrees\nephoran\feat-llm-provider
[porch-direct] Loading intent from: C:\Users\tingy\AppData\Local\Temp\TestRunWithFileSystemErrorsoutput_directory_exists_as_file1241860796\001\intent.json
[porch-direct] Output directory: C:\Users\tingy\AppData\Local\Temp\TestRunWithFileSystemErrorsoutput_directory_exists_as_file1241860796\001\output
2025/09/08 09:35:48 INFO initializing schema validator component=intent.validator schema_path=C:\Users\tingy\dev\_worktrees\nephoran\feat-llm-provider\docs\contracts\intent.schema.json
2025/09/08 09:35:48 INFO schema validator initialized successfully component=intent.validator schema_uri=https://example.com/schemas/intent.schema.json schema_path=C:\Users\tingy\dev\_worktrees\nephoran\feat-llm-provider\docs\contracts\intent.schema.json
[porch-direct] Intent validated successfully: ScalingIntent{target=test-app, namespace=default, replicas=1, source=}
[porch-direct] Generated package: test-app-scaling (4 files)
[porch-direct] Project root: C:\Users\tingy\dev\_worktrees\nephoran\feat-llm-provider
[porch-direct] Loading intent from: C:\Users\tingy\AppData\Local\Temp\TestRunWithFileSystemErrorsinvalid_output_directory_path3951075025\001\intent.json
[porch-direct] Output directory: C:\Users\tingy\AppData\Local\Temp\TestRunWithFileSystemErrorsinvalid_output_directory_path3951075025\001\invalid-path- -with-null-bytes
2025/09/08 09:35:48 INFO initializing schema validator component=intent.validator schema_path=C:\Users\tingy\dev\_worktrees\nephoran\feat-llm-provider\docs\contracts\intent.schema.json
2025/09/08 09:35:48 INFO schema validator initialized successfully component=intent.validator schema_uri=https://example.com/schemas/intent.schema.json schema_path=C:\Users\tingy\dev\_worktrees\nephoran\feat-llm-provider\docs\contracts\intent.schema.json
[porch-direct] Intent validated successfully: ScalingIntent{target=test-app, namespace=default, replicas=1, source=}
[porch-direct] Generated package: test-app-scaling (4 files)
[porch-direct] Project root: C:\Users\tingy\dev\_worktrees\nephoran\feat-llm-provider
[porch-direct] Loading intent from: C:\Users\tingy\AppData\Local\Temp\TestRunWithMalformedIntentFilesempty_file2010062986\001\intent.json
[porch-direct] Output directory: C:\Users\tingy\AppData\Local\Temp\TestRunWithMalformedIntentFilesempty_file2010062986\001\output
2025/09/08 09:35:48 INFO initializing schema validator component=intent.validator schema_path=C:\Users\tingy\dev\_worktrees\nephoran\feat-llm-provider\docs\contracts\intent.schema.json
2025/09/08 09:35:48 INFO schema validator initialized successfully component=intent.validator schema_uri=https://example.com/schemas/intent.schema.json schema_path=C:\Users\tingy\dev\_worktrees\nephoran\feat-llm-provider\docs\contracts\intent.schema.json
Intent validation failed:
  - json: JSON data cannot be nil or empty
[porch-direct] Project root: C:\Users\tingy\dev\_worktrees\nephoran\feat-llm-provider
[porch-direct] Loading intent from: C:\Users\tingy\AppData\Local\Temp\TestRunWithMalformedIntentFilesinvalid_JSON2257684621\001\intent.json
[porch-direct] Output directory: C:\Users\tingy\AppData\Local\Temp\TestRunWithMalformedIntentFilesinvalid_JSON2257684621\001\output
2025/09/08 09:35:48 INFO initializing schema validator component=intent.validator schema_path=C:\Users\tingy\dev\_worktrees\nephoran\feat-llm-provider\docs\contracts\intent.schema.json
2025/09/08 09:35:48 INFO schema validator initialized successfully component=intent.validator schema_uri=https://example.com/schemas/intent.schema.json schema_path=C:\Users\tingy\dev\_worktrees\nephoran\feat-llm-provider\docs\contracts\intent.schema.json
Intent validation failed:
  - json: invalid JSON: invalid character 'i' looking for beginning of object key string
[porch-direct] Project root: C:\Users\tingy\dev\_worktrees\nephoran\feat-llm-provider
[porch-direct] Loading intent from: C:\Users\tingy\AppData\Local\Temp\TestRunWithMalformedIntentFilesbinary_file2753712100\001\intent.json
[porch-direct] Output directory: C:\Users\tingy\AppData\Local\Temp\TestRunWithMalformedIntentFilesbinary_file2753712100\001\output
2025/09/08 09:35:48 INFO initializing schema validator component=intent.validator schema_path=C:\Users\tingy\dev\_worktrees\nephoran\feat-llm-provider\docs\contracts\intent.schema.json
2025/09/08 09:35:48 INFO schema validator initialized successfully component=intent.validator schema_uri=https://example.com/schemas/intent.schema.json schema_path=C:\Users\tingy\dev\_worktrees\nephoran\feat-llm-provider\docs\contracts\intent.schema.json
Intent validation failed:
  - json: invalid JSON: invalid character 'Ã¿' looking for beginning of value
[porch-direct] Project root: C:\Users\tingy\dev\_worktrees\nephoran\feat-llm-provider
[porch-direct] Loading intent from: C:\Users\tingy\AppData\Local\Temp\TestRunWithMalformedIntentFilesvery_large_file2909219664\001\intent.json
[porch-direct] Output directory: C:\Users\tingy\AppData\Local\Temp\TestRunWithMalformedIntentFilesvery_large_file2909219664\001\output
2025/09/08 09:35:48 INFO initializing schema validator component=intent.validator schema_path=C:\Users\tingy\dev\_worktrees\nephoran\feat-llm-provider\docs\contracts\intent.schema.json
2025/09/08 09:35:48 INFO schema validator initialized successfully component=intent.validator schema_uri=https://example.com/schemas/intent.schema.json schema_path=C:\Users\tingy\dev\_worktrees\nephoran\feat-llm-provider\docs\contracts\intent.schema.json
Intent validation failed:
  - target: target must be a valid Kubernetes resource name (lowercase alphanumeric and hyphens)
[porch-direct] Project root: C:\Users\tingy\dev\_worktrees\nephoran\feat-llm-provider
[porch-direct] Loading intent from: C:\Users\tingy\AppData\Local\Temp\TestRunWithMalformedIntentFilesdeeply_nested_JSON3527307546\001\intent.json
[porch-direct] Output directory: C:\Users\tingy\AppData\Local\Temp\TestRunWithMalformedIntentFilesdeeply_nested_JSON3527307546\001\output
2025/09/08 09:35:49 INFO initializing schema validator component=intent.validator schema_path=C:\Users\tingy\dev\_worktrees\nephoran\feat-llm-provider\docs\contracts\intent.schema.json
2025/09/08 09:35:49 INFO schema validator initialized successfully component=intent.validator schema_uri=https://example.com/schemas/intent.schema.json schema_path=C:\Users\tingy\dev\_worktrees\nephoran\feat-llm-provider\docs\contracts\intent.schema.json
Intent validation failed:
  - /: jsonschema validation failed with 'https://example.com/schemas/intent.schema.json#'
- at '': additional properties 'nested' not allowed
[porch-direct] Project root: C:\Users\tingy\dev\_worktrees\nephoran\feat-llm-provider
[porch-direct] Loading intent from: C:\Users\tingy\AppData\Local\Temp\TestRunWithMalformedIntentFilesJSON_with_null_bytes2164309387\001\intent.json
[porch-direct] Output directory: C:\Users\tingy\AppData\Local\Temp\TestRunWithMalformedIntentFilesJSON_with_null_bytes2164309387\001\output
2025/09/08 09:35:49 INFO initializing schema validator component=intent.validator schema_path=C:\Users\tingy\dev\_worktrees\nephoran\feat-llm-provider\docs\contracts\intent.schema.json
2025/09/08 09:35:49 INFO schema validator initialized successfully component=intent.validator schema_uri=https://example.com/schemas/intent.schema.json schema_path=C:\Users\tingy\dev\_worktrees\nephoran\feat-llm-provider\docs\contracts\intent.schema.json
Intent validation failed:
  - json: invalid JSON: invalid character '\x00' looking for beginning of object key string
[porch-direct] Project root: C:\Users\tingy\dev\_worktrees\nephoran\feat-llm-provider
[porch-direct] Loading intent from: C:\Users\tingy\AppData\Local\Temp\TestRunWithMalformedIntentFilesJSON_with_circular_reference_structure1294159433\001\intent.json
[porch-direct] Output directory: C:\Users\tingy\AppData\Local\Temp\TestRunWithMalformedIntentFilesJSON_with_circular_reference_structure1294159433\001\output
2025/09/08 09:35:49 INFO initializing schema validator component=intent.validator schema_path=C:\Users\tingy\dev\_worktrees\nephoran\feat-llm-provider\docs\contracts\intent.schema.json
2025/09/08 09:35:49 INFO schema validator initialized successfully component=intent.validator schema_uri=https://example.com/schemas/intent.schema.json schema_path=C:\Users\tingy\dev\_worktrees\nephoran\feat-llm-provider\docs\contracts\intent.schema.json
Intent validation failed:
  - /: jsonschema validation failed with 'https://example.com/schemas/intent.schema.json#'
- at '': additional properties 'self_ref' not allowed
[porch-direct] Project root: C:\Users\tingy\dev\_worktrees\nephoran\feat-llm-provider
[porch-direct] Loading intent from: C:\Users\tingy\AppData\Local\Temp\intent-9.json
[porch-direct] Output directory: C:\Users\tingy\AppData\Local\Temp\output-9
[porch-direct] Mode: DRY RUN (no files will be written)
[porch-direct] Package type: MINIMAL
2025/09/08 09:35:49 INFO initializing schema validator component=intent.validator schema_path=C:\Users\tingy\dev\_worktrees\nephoran\feat-llm-provider\docs\contracts\intent.schema.json
2025/09/08 09:35:49 INFO schema validator initialized successfully component=intent.validator schema_uri=https://example.com/schemas/intent.schema.json schema_path=C:\Users\tingy\dev\_worktrees\nephoran\feat-llm-provider\docs\contracts\intent.schema.json
[porch-direct] Intent validated successfully: ScalingIntent{target=concurrent-test-9, namespace=default, replicas=1, source=test}
[porch-direct] Generated package: concurrent-test-9-minimal (2 files)
[porch-direct] Package written to: C:\Users\tingy\AppData\Local\Temp\output-9\concurrent-test-9-minimal
[porch-direct] Files written: [Kptfile deployment.yaml]
[porch-direct] Success! KRM package generated for concurrent-test-9 scaling to 1 replicas
[porch-direct] Project root: C:\Users\tingy\dev\_worktrees\nephoran\feat-llm-provider
[porch-direct] Loading intent from: C:\Users\tingy\AppData\Local\Temp\intent-4.json
[porch-direct] Output directory: C:\Users\tingy\AppData\Local\Temp\output-4
[porch-direct] Mode: DRY RUN (no files will be written)
[porch-direct] Package type: MINIMAL
2025/09/08 09:35:49 INFO initializing schema validator component=intent.validator schema_path=C:\Users\tingy\dev\_worktrees\nephoran\feat-llm-provider\docs\contracts\intent.schema.json
2025/09/08 09:35:49 INFO schema validator initialized successfully component=intent.validator schema_uri=https://example.com/schemas/intent.schema.json schema_path=C:\Users\tingy\dev\_worktrees\nephoran\feat-llm-provider\docs\contracts\intent.schema.json
[porch-direct] Intent validated successfully: ScalingIntent{target=concurrent-test-4, namespace=default, replicas=1, source=test}
[porch-direct] Generated package: concurrent-test-4-minimal (2 files)
[porch-direct] Project root: C:\Users\tingy\dev\_worktrees\nephoran\feat-llm-provider
[porch-direct] Loading intent from: C:\Users\tingy\AppData\Local\Temp\intent-6.json
[porch-direct] Output directory: C:\Users\tingy\AppData\Local\Temp\output-6
[porch-direct] Mode: DRY RUN (no files will be written)
[porch-direct] Package type: MINIMAL
2025/09/08 09:35:49 INFO initializing schema validator component=intent.validator schema_path=C:\Users\tingy\dev\_worktrees\nephoran\feat-llm-provider\docs\contracts\intent.schema.json
2025/09/08 09:35:49 INFO schema validator initialized successfully component=intent.validator schema_uri=https://example.com/schemas/intent.schema.json schema_path=C:\Users\tingy\dev\_worktrees\nephoran\feat-llm-provider\docs\contracts\intent.schema.json
[porch-direct] Project root: C:\Users\tingy\dev\_worktrees\nephoran\feat-llm-provider
[porch-direct] Loading intent from: C:\Users\tingy\AppData\Local\Temp\intent-7.json
[porch-direct] Output directory: C:\Users\tingy\AppData\Local\Temp\output-7
[porch-direct] Mode: DRY RUN (no files will be written)
[porch-direct] Package type: MINIMAL
2025/09/08 09:35:49 INFO initializing schema validator component=intent.validator schema_path=C:\Users\tingy\dev\_worktrees\nephoran\feat-llm-provider\docs\contracts\intent.schema.json
[porch-direct] Project root: C:\Users\tingy\dev\_worktrees\nephoran\feat-llm-provider
[porch-direct] Loading intent from: C:\Users\tingy\AppData\Local\Temp\intent-1.json
[porch-direct] Output directory: C:\Users\tingy\AppData\Local\Temp\output-1
[porch-direct] Mode: DRY RUN (no files will be written)
[porch-direct] Package type: MINIMAL
2025/09/08 09:35:49 INFO initializing schema validator component=intent.validator schema_path=C:\Users\tingy\dev\_worktrees\nephoran\feat-llm-provider\docs\contracts\intent.schema.json
2025/09/08 09:35:49 INFO schema validator initialized successfully component=intent.validator schema_uri=https://example.com/schemas/intent.schema.json schema_path=C:\Users\tingy\dev\_worktrees\nephoran\feat-llm-provider\docs\contracts\intent.schema.json
2025/09/08 09:35:49 INFO schema validator initialized successfully component=intent.validator schema_uri=https://example.com/schemas/intent.schema.json schema_path=C:\Users\tingy\dev\_worktrees\nephoran\feat-llm-provider\docs\contracts\intent.schema.json
[porch-direct] Project root: C:\Users\tingy\dev\_worktrees\nephoran\feat-llm-provider
[porch-direct] Loading intent from: C:\Users\tingy\AppData\Local\Temp\intent-8.json
[porch-direct] Output directory: C:\Users\tingy\AppData\Local\Temp\output-8
[porch-direct] Mode: DRY RUN (no files will be written)
[porch-direct] Package type: MINIMAL
2025/09/08 09:35:49 INFO initializing schema validator component=intent.validator schema_path=C:\Users\tingy\dev\_worktrees\nephoran\feat-llm-provider\docs\contracts\intent.schema.json
2025/09/08 09:35:49 INFO schema validator initialized successfully component=intent.validator schema_uri=https://example.com/schemas/intent.schema.json schema_path=C:\Users\tingy\dev\_worktrees\nephoran\feat-llm-provider\docs\contracts\intent.schema.json
[porch-direct] Project root: C:\Users\tingy\dev\_worktrees\nephoran\feat-llm-provider
[porch-direct] Loading intent from: C:\Users\tingy\AppData\Local\Temp\intent-0.json
[porch-direct] Output directory: C:\Users\tingy\AppData\Local\Temp\output-0
[porch-direct] Mode: DRY RUN (no files will be written)
[porch-direct] Package type: MINIMAL
2025/09/08 09:35:49 INFO initializing schema validator component=intent.validator schema_path=C:\Users\tingy\dev\_worktrees\nephoran\feat-llm-provider\docs\contracts\intent.schema.json
2025/09/08 09:35:49 INFO schema validator initialized successfully component=intent.validator schema_uri=https://example.com/schemas/intent.schema.json schema_path=C:\Users\tingy\dev\_worktrees\nephoran\feat-llm-provider\docs\contracts\intent.schema.json
[porch-direct] Project root: C:\Users\tingy\dev\_worktrees\nephoran\feat-llm-provider
[porch-direct] Loading intent from: C:\Users\tingy\AppData\Local\Temp\intent-2.json
[porch-direct] Output directory: C:\Users\tingy\AppData\Local\Temp\output-2
[porch-direct] Mode: DRY RUN (no files will be written)
[porch-direct] Package type: MINIMAL
2025/09/08 09:35:49 INFO initializing schema validator component=intent.validator schema_path=C:\Users\tingy\dev\_worktrees\nephoran\feat-llm-provider\docs\contracts\intent.schema.json
2025/09/08 09:35:49 INFO schema validator initialized successfully component=intent.validator schema_uri=https://example.com/schemas/intent.schema.json schema_path=C:\Users\tingy\dev\_worktrees\nephoran\feat-llm-provider\docs\contracts\intent.schema.json
[porch-direct] Project root: C:\Users\tingy\dev\_worktrees\nephoran\feat-llm-provider
[porch-direct] Loading intent from: C:\Users\tingy\AppData\Local\Temp\intent-5.json
[porch-direct] Output directory: C:\Users\tingy\AppData\Local\Temp\output-5
[porch-direct] Mode: DRY RUN (no files will be written)
[porch-direct] Package type: MINIMAL
2025/09/08 09:35:49 INFO initializing schema validator component=intent.validator schema_path=C:\Users\tingy\dev\_worktrees\nephoran\feat-llm-provider\docs\contracts\intent.schema.json
[porch-direct] Intent validated successfully: ScalingIntent{target=concurrent-test-6, namespace=default, replicas=1, source=test}
2025/09/08 09:35:49 INFO schema validator initialized successfully component=intent.validator schema_uri=https://example.com/schemas/intent.schema.json schema_path=C:\Users\tingy\dev\_worktrees\nephoran\feat-llm-provider\docs\contracts\intent.schema.json
[porch-direct] Generated package: concurrent-test-6-minimal (2 files)
[porch-direct] Package written to: C:\Users\tingy\AppData\Local\Temp\output-4\concurrent-test-4-minimal
[porch-direct] Files written: [Kptfile deployment.yaml]
[porch-direct] Success! KRM package generated for concurrent-test-4 scaling to 1 replicas
[porch-direct] Project root: C:\Users\tingy\dev\_worktrees\nephoran\feat-llm-provider
[porch-direct] Loading intent from: C:\Users\tingy\AppData\Local\Temp\intent-3.json
[porch-direct] Output directory: C:\Users\tingy\AppData\Local\Temp\output-3
[porch-direct] Mode: DRY RUN (no files will be written)
[porch-direct] Package type: MINIMAL
2025/09/08 09:35:49 INFO initializing schema validator component=intent.validator schema_path=C:\Users\tingy\dev\_worktrees\nephoran\feat-llm-provider\docs\contracts\intent.schema.json
2025/09/08 09:35:49 INFO schema validator initialized successfully component=intent.validator schema_uri=https://example.com/schemas/intent.schema.json schema_path=C:\Users\tingy\dev\_worktrees\nephoran\feat-llm-provider\docs\contracts\intent.schema.json
[porch-direct] Intent validated successfully: ScalingIntent{target=concurrent-test-7, namespace=default, replicas=1, source=test}
[porch-direct] Intent validated successfully: ScalingIntent{target=concurrent-test-1, namespace=default, replicas=1, source=test}
[porch-direct] Generated package: concurrent-test-1-minimal (2 files)
[porch-direct] Generated package: concurrent-test-7-minimal (2 files)
[porch-direct] Intent validated successfully: ScalingIntent{target=concurrent-test-8, namespace=default, replicas=1, source=test}
[porch-direct] Generated package: concurrent-test-8-minimal (2 files)
[porch-direct] Intent validated successfully: ScalingIntent{target=concurrent-test-0, namespace=default, replicas=1, source=test}
[porch-direct] Intent validated successfully: ScalingIntent{target=concurrent-test-3, namespace=default, replicas=1, source=test}
[porch-direct] Generated package: concurrent-test-3-minimal (2 files)
[porch-direct] Intent validated successfully: ScalingIntent{target=concurrent-test-5, namespace=default, replicas=1, source=test}
[porch-direct] Generated package: concurrent-test-5-minimal (2 files)
[porch-direct] Generated package: concurrent-test-0-minimal (2 files)
[porch-direct] Intent validated successfully: ScalingIntent{target=concurrent-test-2, namespace=default, replicas=1, source=test}
[porch-direct] Package written to: C:\Users\tingy\AppData\Local\Temp\output-6\concurrent-test-6-minimal
[porch-direct] Files written: [Kptfile deployment.yaml]
[porch-direct] Success! KRM package generated for concurrent-test-6 scaling to 1 replicas
[porch-direct] Generated package: concurrent-test-2-minimal (2 files)
[porch-direct] Package written to: C:\Users\tingy\AppData\Local\Temp\output-1\concurrent-test-1-minimal
[porch-direct] Files written: [Kptfile deployment.yaml]
[porch-direct] Success! KRM package generated for concurrent-test-1 scaling to 1 replicas
[porch-direct] Package written to: C:\Users\tingy\AppData\Local\Temp\output-7\concurrent-test-7-minimal
[porch-direct] Files written: [Kptfile deployment.yaml]
[porch-direct] Success! KRM package generated for concurrent-test-7 scaling to 1 replicas
[porch-direct] Package written to: C:\Users\tingy\AppData\Local\Temp\output-8\concurrent-test-8-minimal
[porch-direct] Files written: [Kptfile deployment.yaml]
[porch-direct] Success! KRM package generated for concurrent-test-8 scaling to 1 replicas
[porch-direct] Package written to: C:\Users\tingy\AppData\Local\Temp\output-3\concurrent-test-3-minimal
[porch-direct] Files written: [Kptfile deployment.yaml]
[porch-direct] Success! KRM package generated for concurrent-test-3 scaling to 1 replicas
[porch-direct] Package written to: C:\Users\tingy\AppData\Local\Temp\output-5\concurrent-test-5-minimal
[porch-direct] Files written: [Kptfile deployment.yaml]
[porch-direct] Success! KRM package generated for concurrent-test-5 scaling to 1 replicas
[porch-direct] Package written to: C:\Users\tingy\AppData\Local\Temp\output-0\concurrent-test-0-minimal
[porch-direct] Files written: [Kptfile deployment.yaml]
[porch-direct] Success! KRM package generated for concurrent-test-0 scaling to 1 replicas
[porch-direct] Package written to: C:\Users\tingy\AppData\Local\Temp\output-2\concurrent-test-2-minimal
[porch-direct] Files written: [Kptfile deployment.yaml]
[porch-direct] Success! KRM package generated for concurrent-test-2 scaling to 1 replicas
[porch-direct] Project root: C:\Users\tingy\AppData\Local\Temp
[porch-direct] Loading intent from: C:\Users\tingy\AppData\Local\Temp\TestRunProjectRootDiscovery2729896481\001\intent.json
[porch-direct] Output directory: C:\Users\tingy\AppData\Local\Temp\TestRunProjectRootDiscovery2729896481\001\output
2025/09/08 09:35:49 INFO initializing schema validator component=intent.validator schema_path=C:\Users\tingy\AppData\Local\Temp\docs\contracts\intent.schema.json
2025/09/08 09:35:49 ERROR failed to read schema file component=intent.validator path=C:\Users\tingy\AppData\Local\Temp\docs\contracts\intent.schema.json error="open C:\\Users\\tingy\\AppData\\Local\\Temp\\docs\\contracts\\intent.schema.json: The system cannot find the path specified."
--- FAIL: TestRunProjectRootDiscovery (0.03s)
    main_test.go:1101: Expected go.mod error but got: failed to create intent loader: failed to create validator: failed to read schema file C:\Users\tingy\AppData\Local\Temp\docs\contracts\intent.schema.json: open C:\Users\tingy\AppData\Local\Temp\docs\contracts\intent.schema.json: The system cannot find the path specified.
FAIL
FAIL	github.com/thc1006/nephoran-intent-operator/cmd/porch-direct	3.024s
ok  	github.com/thc1006/nephoran-intent-operator/cmd/porch-publisher	18.083s
ok  	github.com/thc1006/nephoran-intent-operator/cmd/porch-structured-patch	4.065s
?   	github.com/thc1006/nephoran-intent-operator/cmd/quality-metrics	[no test files]
?   	github.com/thc1006/nephoran-intent-operator/cmd/secure-porch-patch	[no test files]
?   	github.com/thc1006/nephoran-intent-operator/cmd/security-demo	[no test files]
?   	github.com/thc1006/nephoran-intent-operator/cmd/security-validator	[no test files]
?   	github.com/thc1006/nephoran-intent-operator/cmd/technical-debt-monitor	[no test files]
?   	github.com/thc1006/nephoran-intent-operator/cmd/test-context-builder	[no test files]
?   	github.com/thc1006/nephoran-intent-operator/cmd/test-lint	[no test files]
?   	github.com/thc1006/nephoran-intent-operator/cmd/test-performance-engine	[no test files]
?   	github.com/thc1006/nephoran-intent-operator/cmd/test-rag-types	[no test files]
?   	github.com/thc1006/nephoran-intent-operator/cmd/test-runner	[no test files]
?   	github.com/thc1006/nephoran-intent-operator/cmd/test-runner-2025	[no test files]
?   	github.com/thc1006/nephoran-intent-operator/cmd/tls-security-test	[no test files]
?   	github.com/thc1006/nephoran-intent-operator/cmd/validate-tags	[no test files]
?   	github.com/thc1006/nephoran-intent-operator/cmd/verify-observability	[no test files]
?   	github.com/thc1006/nephoran-intent-operator/cmd/webhook	[no test files]
?   	github.com/thc1006/nephoran-intent-operator/cmd/webhook-manager	[no test files]
?   	github.com/thc1006/nephoran-intent-operator/controllers	[no test files]
?   	github.com/thc1006/nephoran-intent-operator/demo	[no test files]
?   	github.com/thc1006/nephoran-intent-operator/demo/simple	[no test files]
?   	github.com/thc1006/nephoran-intent-operator/examples/auth	[no test files]
?   	github.com/thc1006/nephoran-intent-operator/examples/xapps/kmp-monitor	[no test files]
?   	github.com/thc1006/nephoran-intent-operator/examples/xapps/traffic-steering	[no test files]
?   	github.com/thc1006/nephoran-intent-operator/hack/testtools	[no test files]
ok  	github.com/thc1006/nephoran-intent-operator/internal	1.526s
ok  	github.com/thc1006/nephoran-intent-operator/internal/a1sim	0.999s
ok  	github.com/thc1006/nephoran-intent-operator/internal/conductor	2.556s
--- FAIL: TestAdvancedSecurityVulnerabilities (0.01s)
    --- FAIL: TestAdvancedSecurityVulnerabilities/Path_Traversal_-_Unicode_Encoding (0.00s)
        security_test.go:726: Expected error containing 'path traversal' for attack type path_traversal, but got: target name contains invalid characters or format, must match pattern: ^[a-zA-Z][a-zA-Z0-9-_]{0,62}$
        security_test.go:728: Successfully detected path_traversal attack: target name contains invalid characters or format, must match pattern: ^[a-zA-Z][a-zA-Z0-9-_]{0,62}$
    --- FAIL: TestAdvancedSecurityVulnerabilities/Pattern_Bypass_-_Null_Byte (0.00s)
        security_test.go:726: Expected error containing 'invalid characters' for attack type pattern_bypass, but got: target name contains potential path traversal pattern
        security_test.go:728: Successfully detected pattern_bypass attack: target name contains potential path traversal pattern
    --- FAIL: TestAdvancedSecurityVulnerabilities/Script_Injection_-_JavaScript (0.00s)
        security_test.go:726: Expected error containing 'invalid characters' for attack type script_injection, but got: target name contains potential SQL injection pattern
        security_test.go:728: Successfully detected script_injection attack: target name contains potential SQL injection pattern
--- FAIL: TestInvalidDigestFormats (0.00s)
    --- FAIL: TestInvalidDigestFormats/Invalid_Digest_-_Wrong_Algorithm (0.00s)
        security_test.go:882: GetSecureImage accepted invalid digest (potential security issue): registry.nephoran.io/test/image:v1.0.0@md5:1234567890abcdef
        security_test.go:886: Invalid digest was included in result image: registry.nephoran.io/test/image:v1.0.0@md5:1234567890abcdef
    --- FAIL: TestInvalidDigestFormats/Invalid_Digest_-_Wrong_Length (0.00s)
        security_test.go:882: GetSecureImage accepted invalid digest (potential security issue): registry.nephoran.io/test/image:v1.0.0@sha256:short
        security_test.go:886: Invalid digest was included in result image: registry.nephoran.io/test/image:v1.0.0@sha256:short
    --- FAIL: TestInvalidDigestFormats/Invalid_Digest_-_No_Algorithm (0.00s)
        security_test.go:882: GetSecureImage accepted invalid digest (potential security issue): registry.nephoran.io/test/image:v1.0.0@1234567890abcdef1234567890abcdef12345678
        security_test.go:886: Invalid digest was included in result image: registry.nephoran.io/test/image:v1.0.0@1234567890abcdef1234567890abcdef12345678
    --- FAIL: TestInvalidDigestFormats/Invalid_Digest_-_SQL_Injection (0.00s)
        security_test.go:882: GetSecureImage accepted invalid digest (potential security issue): registry.nephoran.io/test/image:v1.0.0@sha256:'; DROP TABLE images; --
        security_test.go:886: Invalid digest was included in result image: registry.nephoran.io/test/image:v1.0.0@sha256:'; DROP TABLE images; --
    --- FAIL: TestInvalidDigestFormats/Invalid_Digest_-_Path_Traversal (0.00s)
        security_test.go:882: GetSecureImage accepted invalid digest (potential security issue): registry.nephoran.io/test/image:v1.0.0@../../../etc/passwd
        security_test.go:886: Invalid digest was included in result image: registry.nephoran.io/test/image:v1.0.0@../../../etc/passwd
FAIL
FAIL	github.com/thc1006/nephoran-intent-operator/internal/config	1.829s
?   	github.com/thc1006/nephoran-intent-operator/internal/fcaps	[no test files]
?   	github.com/thc1006/nephoran-intent-operator/internal/generator	[no test files]
