==============================================================================
CI Fixes Comprehensive Validation Report
Generated: è¥¿å…ƒ2025å¹´08æœˆ31æ—¥ (æ˜ŸæœŸæ—¥) 01æ™‚17åˆ†08ç§’    
==============================================================================

[0;34m[INFO][0m Starting comprehensive CI fixes validation...

[0;34m[INFO][0m === TEST 1: Service Configuration Matrix Validation ===
[0;34m[INFO][0m Validating service: conductor-loop -> ./cmd/conductor-loop/main.go
[0;32m[SUCCESS][0m TEST 1: Service-conductor-loop-MainExists - main.go found at ./cmd/conductor-loop/main.go
[0;32m[SUCCESS][0m TEST 2: Service-conductor-loop-MainFunction - main() function found
[0;32m[SUCCESS][0m TEST 3: Service-conductor-loop-DockerMapping - Correctly mapped in Dockerfile
[0;34m[INFO][0m Validating service: intent-ingest -> ./cmd/intent-ingest/main.go
[0;32m[SUCCESS][0m TEST 4: Service-intent-ingest-MainExists - main.go found at ./cmd/intent-ingest/main.go
[0;32m[SUCCESS][0m TEST 5: Service-intent-ingest-MainFunction - main() function found
[0;32m[SUCCESS][0m TEST 6: Service-intent-ingest-DockerMapping - Correctly mapped in Dockerfile
[0;34m[INFO][0m Validating service: nephio-bridge -> ./cmd/nephio-bridge/main.go
[0;32m[SUCCESS][0m TEST 7: Service-nephio-bridge-MainExists - main.go found at ./cmd/nephio-bridge/main.go
[0;32m[SUCCESS][0m TEST 8: Service-nephio-bridge-MainFunction - main() function found
[0;32m[SUCCESS][0m TEST 9: Service-nephio-bridge-DockerMapping - Correctly mapped in Dockerfile
[0;34m[INFO][0m Validating service: llm-processor -> ./cmd/llm-processor/main.go
[0;32m[SUCCESS][0m TEST 10: Service-llm-processor-MainExists - main.go found at ./cmd/llm-processor/main.go
[0;32m[SUCCESS][0m TEST 11: Service-llm-processor-MainFunction - main() function found
[0;32m[SUCCESS][0m TEST 12: Service-llm-processor-DockerMapping - Correctly mapped in Dockerfile
[0;34m[INFO][0m Validating service: oran-adaptor -> ./cmd/oran-adaptor/main.go
[0;32m[SUCCESS][0m TEST 13: Service-oran-adaptor-MainExists - main.go found at ./cmd/oran-adaptor/main.go
[0;32m[SUCCESS][0m TEST 14: Service-oran-adaptor-MainFunction - main() function found
[0;32m[SUCCESS][0m TEST 15: Service-oran-adaptor-DockerMapping - Correctly mapped in Dockerfile
[0;34m[INFO][0m Validating service: manager -> ./cmd/conductor-loop/main.go
[0;32m[SUCCESS][0m TEST 16: Service-manager-MainExists - main.go found at ./cmd/conductor-loop/main.go
[0;32m[SUCCESS][0m TEST 17: Service-manager-MainFunction - main() function found
[0;32m[SUCCESS][0m TEST 18: Service-manager-DockerMapping - Correctly mapped in Dockerfile
[0;34m[INFO][0m Validating service: controller -> ./cmd/conductor-loop/main.go
[0;32m[SUCCESS][0m TEST 19: Service-controller-MainExists - main.go found at ./cmd/conductor-loop/main.go
[0;32m[SUCCESS][0m TEST 20: Service-controller-MainFunction - main() function found
[0;32m[SUCCESS][0m TEST 21: Service-controller-DockerMapping - Correctly mapped in Dockerfile
[0;34m[INFO][0m Validating service: e2-kmp-sim -> ./cmd/e2-kmp-sim/main.go
[0;31m[ERROR][0m TEST 22: Service-e2-kmp-sim-MainExists - main.go not found at ./cmd/e2-kmp-sim/main.go
[0;34m[INFO][0m Validating service: o1-ves-sim -> ./cmd/o1-ves-sim/main.go
[0;32m[SUCCESS][0m TEST 23: Service-o1-ves-sim-MainExists - main.go found at ./cmd/o1-ves-sim/main.go
[0;32m[SUCCESS][0m TEST 24: Service-o1-ves-sim-MainFunction - main() function found
[0;32m[SUCCESS][0m TEST 25: Service-o1-ves-sim-DockerMapping - Correctly mapped in Dockerfile
[0;34m[INFO][0m Checking Dockerfile service case statement...
[0;31m[ERROR][0m TEST 26: Dockerfile-ServiceCompleteness - Service definitions incomplete
[0;31m[ERROR][0m Expected: conductor-loop
controller
e2-kmp-sim
intent-ingest
llm-processor
manager
nephio-bridge
o1-ves-sim
oran-adaptor
[0;31m[ERROR][0m Found: conductor-loop
controller
e2-kpm-sim
intent-ingest
llm-processor
manager
nephio-bridge
o1-ves-sim
oran-adaptor

[0;34m[INFO][0m === TEST 2: GitHub Actions Workflow Syntax Validation ===
[0;31m[ERROR][0m TEST 27: Workflows-Files - No workflow files found

[0;34m[INFO][0m === TEST 3: Docker Build Simulation Tests ===
[0;34m[INFO][0m Testing Dockerfile syntax validation...
[0;34m[INFO][0m Validating Dockerfile...
[0;31m[ERROR][0m TEST 28: Docker-Dockerfile-Syntax - Dockerfile syntax error
[0;32m[SUCCESS][0m TEST 29: Docker-Dockerfile-ARG-SERVICE - Required ARG SERVICE present
[0;32m[SUCCESS][0m TEST 30: Docker-Dockerfile-ARG-VERSION - Required ARG VERSION present
[0;32m[SUCCESS][0m TEST 31: Docker-Dockerfile-ARG-BUILD_DATE - Required ARG BUILD_DATE present
[0;32m[SUCCESS][0m TEST 32: Docker-Dockerfile-ARG-VCS_REF - Required ARG VCS_REF present
[0;34m[INFO][0m Validating Dockerfile.resilient...
[0;31m[ERROR][0m TEST 33: Docker-Dockerfile.resilient-Syntax - Dockerfile syntax error
[0;32m[SUCCESS][0m TEST 34: Docker-Dockerfile.resilient-ARG-SERVICE - Required ARG SERVICE present
[0;32m[SUCCESS][0m TEST 35: Docker-Dockerfile.resilient-ARG-VERSION - Required ARG VERSION present
[0;32m[SUCCESS][0m TEST 36: Docker-Dockerfile.resilient-ARG-BUILD_DATE - Required ARG BUILD_DATE present
[0;32m[SUCCESS][0m TEST 37: Docker-Dockerfile.resilient-ARG-VCS_REF - Required ARG VCS_REF present
[0;34m[INFO][0m Testing build command construction...
[0;34m[INFO][0m Testing build command for service: conductor-loop
[0;31m[ERROR][0m TEST 38: Build-conductor-loop-Command - Build command invalid for conductor-loop
[0;34m[INFO][0m Testing build command for service: intent-ingest
[0;31m[ERROR][0m TEST 39: Build-intent-ingest-Command - Build command invalid for intent-ingest
[0;34m[INFO][0m Testing build command for service: nephio-bridge
[0;31m[ERROR][0m TEST 40: Build-nephio-bridge-Command - Build command invalid for nephio-bridge

[0;34m[INFO][0m === TEST 4: GHCR Authentication Setup Verification ===
[0;34m[INFO][0m Checking GitHub Actions permissions...
[0;32m[SUCCESS][0m TEST 41: GHCR-Permission-contents - Permission contents: read found
[0;32m[SUCCESS][0m TEST 42: GHCR-Permission-packages - Permission packages: write found
[0;32m[SUCCESS][0m TEST 43: GHCR-Permission-security-events - Permission security-events: write found
[0;32m[SUCCESS][0m TEST 44: GHCR-Permission-id-token - Permission id-token: write found
[0;34m[INFO][0m Checking GHCR login configuration...
[0;32m[SUCCESS][0m TEST 45: GHCR-Login-Registry - GHCR registry correctly configured
[0;32m[SUCCESS][0m TEST 46: GHCR-Login-Username - GHCR username correctly configured
[0;31m[ERROR][0m TEST 47: GHCR-Login-Token - GHCR token not properly configured
[0;32m[SUCCESS][0m TEST 48: GHCR-Conditional-Push - GHCR push properly conditional on non-PR events

[0;34m[INFO][0m === TEST 5: Smart Build Script Validation ===
[0;32m[SUCCESS][0m TEST 49: SmartBuild-Script-Exists - Smart build script found
[0;32m[SUCCESS][0m TEST 50: SmartBuild-Script-Executable - Smart build script is executable
[0;32m[SUCCESS][0m TEST 51: SmartBuild-Function-check_infrastructure_health - Function check_infrastructure_health() found
[0;32m[SUCCESS][0m TEST 52: SmartBuild-Function-select_build_strategy - Function select_build_strategy() found
[0;32m[SUCCESS][0m TEST 53: SmartBuild-Function-execute_build - Function execute_build() found
[0;32m[SUCCESS][0m TEST 54: SmartBuild-Function-main - Function main() found
[0;32m[SUCCESS][0m TEST 55: SmartBuild-Script-Syntax - Script syntax valid
[0;34m[INFO][0m Testing script execution (dry-run mode)...
[1;33m[WARNING][0m TEST 56: SmartBuild-Script-Execution - Script execution test failed (may require Docker)

[0;34m[INFO][0m === TEST 6: Resilient Dockerfile Validation ===
[0;32m[SUCCESS][0m TEST 57: Resilient-Dockerfile-Exists - Resilient Dockerfile found
[1;33m[WARNING][0m TEST 58: Resilient-Feature-Enhanced-retry-logic - Enhanced retry logic not found
[0;32m[SUCCESS][0m TEST 59: Resilient-Feature-Timeout-handling - Timeout handling implemented
[1;33m[WARNING][0m TEST 60: Resilient-Feature-Fallback-strategies - Fallback strategies not found
[1;33m[WARNING][0m TEST 61: Resilient-Feature-Exponential-backoff - Exponential backoff not found
[0;32m[SUCCESS][0m TEST 62: Resilient-Feature-Health-checks - Health checks implemented
[0;32m[SUCCESS][0m TEST 63: Resilient-MultiStage - Multi-stage build with 10 stages

[0;34m[INFO][0m === TEST 7: Integration Testing - End-to-End Workflow Validation ===
[0;34m[INFO][0m Testing local Go build...
[0;32m[SUCCESS][0m TEST 64: Integration-Go-Build - Local Go build successful
[0;32m[SUCCESS][0m TEST 65: Integration-Go-Mod-Verify - Go modules verified
[0;32m[SUCCESS][0m TEST 66: Integration-Go-Mod-Tidy - Go modules are tidy
[0;32m[SUCCESS][0m TEST 67: Integration-Docker-Available - Docker available for local testing
[0;32m[SUCCESS][0m TEST 68: Integration-Docker-Buildx - Docker buildx available

[0;34m[INFO][0m === TEST 8: CI Dependencies Validation ===
[0;32m[SUCCESS][0m TEST 69: CI-Action-actions-checkout - Checkout action found
[0;32m[SUCCESS][0m TEST 70: CI-Action-actions-setup-go - Go setup action found
[0;32m[SUCCESS][0m TEST 71: CI-Action-actions-cache - Cache action found
[0;32m[SUCCESS][0m TEST 72: CI-Action-docker-setup-buildx-action - Docker buildx setup found
[0;32m[SUCCESS][0m TEST 73: CI-Action-docker-login-action - Docker login action found
[0;32m[SUCCESS][0m TEST 74: CI-Action-docker-metadata-action - Docker metadata action found
[0;31m[ERROR][0m TEST 75: CI-Go-Version-File - Go version file reference invalid: ${{env.GO_VERSION_FILE}}

[0;34m[INFO][0m === TEST 9: Security and Compliance Validation ===
[0;32m[SUCCESS][0m TEST 76: Security-Govulncheck - Govulncheck vulnerability scanning configured
[0;32m[SUCCESS][0m TEST 77: Security-Dockerfile-NonRoot - Non-root user configured
[0;32m[SUCCESS][0m TEST 78: Security-Dockerfile.resilient-NonRoot - Non-root user configured
[0;32m[SUCCESS][0m TEST 79: Security-Dockerfile-Labels - Security labels present
[0;32m[SUCCESS][0m TEST 80: Security-Dockerfile.resilient-Labels - Security labels present

[0;34m[INFO][0m === TEST 10: Performance and Optimization Validation ===
[0;32m[SUCCESS][0m TEST 81: Performance-Cache-go-build - Cache go-build configured
[0;32m[SUCCESS][0m TEST 82: Performance-Cache-go-modules - Cache go-modules configured
[1;33m[WARNING][0m TEST 83: Performance-Cache-docker-cache - Cache docker-cache not found
[0;32m[SUCCESS][0m TEST 84: Performance-Cache-golangci-lint - Cache golangci-lint configured
[0;32m[SUCCESS][0m TEST 85: Performance-Timeouts - Job timeouts configured (8 jobs)
[0;32m[SUCCESS][0m TEST 86: Performance-Concurrency - Concurrency controls configured

==============================================================================
FINAL VALIDATION SUMMARY
==============================================================================
